<?xml version="1.0" encoding="UTF-8"?>
<!-- Generated by org.testng.reporters.JUnitReportReporter -->
<testsuite hostname="Bikash" failures="0" tests="1" name="Testcase_ToolsQA.BaseClass_ToolsQA" time="1.950" errors="0" timestamp="18 Feb 2020 18:13:00 GMT" skipped="0">
  <testcase classname="Testcase_ToolsQA.BaseClass_ToolsQA" name="launchUrl" time="1.950"/>
</testsuite> <!-- Testcase_ToolsQA.BaseClass_ToolsQA -->
